Arguments: 
  D:\nodejs\node.exe D:\Yarn\bin\yarn.js add app1.js

PATH: 
  D:\cmder\vendor\git-for-windows\mingw64\bin;D:\cmder\vendor\git-for-windows\usr\bin;C:\Users\Administrator\bin;C:\Program Files (x86)\Common Files\Oracle\Java\javapath;D:\Python38\Scripts;D:\Python38;C:\Windows\system32;C:\Windows;C:\Windows\System32\Wbem;C:\Windows\System32\WindowsPowerShell\v1.0;C:\Windows\System32\OpenSSH;C:\Program Files (x86)\ATI Technologies\ATI.ACE\Core-Static;C:\Program Files (x86)\AMD\ATI.ACE\Core-Static;D:\Tools\Androidsdk\platform-tools;D:\nodejs;D:\Yarn\bin;C:\Users\Administrator\AppData\Local\Microsoft\WindowsApps;D:\PyCharm Community Edition 2019.3.3\bin;D:\Python38;D:\Python38\Scripts;C:\Program Files (x86)\Google\Chrome\Application;D:\JetBrains\PyCharm 2019.3.3\bin;D:\Microsoft VS Code\bin;C:\Users\Administrator\AppData\Roaming\npm;C:\Users\Administrator\AppData\Local\Yarn\bin

Yarn version: 
  1.22.4

Node version: 
  10.20.0

Platform: 
  win32 x64

Trace: 
  Error: https://registry.npm.taobao.org/app1.js: Not found
      at Request.params.callback [as _callback] (D:\Yarn\lib\cli.js:66096:18)
      at Request.self.callback (D:\Yarn\lib\cli.js:140748:22)
      at Request.emit (events.js:198:13)
      at Request.<anonymous> (D:\Yarn\lib\cli.js:141720:10)
      at Request.emit (events.js:198:13)
      at IncomingMessage.<anonymous> (D:\Yarn\lib\cli.js:141642:12)
      at Object.onceWrapper (events.js:286:20)
      at IncomingMessage.emit (events.js:203:15)
      at endReadableNT (_stream_readable.js:1145:12)
      at process._tickCallback (internal/process/next_tick.js:63:19)

npm manifest: 
  {
    "name": "MVC",
    "version": "1.0.0",
    "main": "index.js",
    "license": "MIT",
    "dependencies": {
      "jquery": "^3.5.1"
    }
  }

yarn manifest: 
  No manifest

Lockfile: 
  # THIS IS AN AUTOGENERATED FILE. DO NOT EDIT THIS FILE DIRECTLY.
  # yarn lockfile v1
  
  
  jquery@^3.5.1:
    version "3.5.1"
    resolved "https://registry.npm.taobao.org/jquery/download/jquery-3.5.1.tgz#d7b4d08e1bfdb86ad2f1a3d039ea17304717abb5"
    integrity sha1-17TQjhv9uGrS8aPQOeoXMEcXq7U=
